
  .   ____          _            __ _ _
 /\\ / ___'_ __ _ _(_)_ __  __ _ \ \ \ \
( ( )\___ | '_ | '_| | '_ \/ _` | \ \ \ \
 \\/  ___)| |_)| | | | | || (_| |  ) ) ) )
  '  |____| .__|_| |_|_| |_\__, | / / / /
 =========|_|==============|___/=/_/_/_/

 :: Spring Boot ::                (v3.3.5)

2026-05-13T17:25:41.911+08:00  INFO 6368 --- [smart-attendance-backend] [           main] c.c.a.SmartAttendanceApplication         : Starting SmartAttendanceApplication v0.0.1-SNAPSHOT using Java 17 with PID 6368 (D:\bishe\價衾SpringBoot+Vue腔秷夔苺埶蕉с炵苀\backend\target\smart-attendance-backend-0.0.1-SNAPSHOT.jar started by zhangfeng in D:\bishe\價衾SpringBoot+Vue腔秷夔苺埶蕉с炵苀\backend)
2026-05-13T17:25:41.915+08:00  INFO 6368 --- [smart-attendance-backend] [           main] c.c.a.SmartAttendanceApplication         : No active profile set, falling back to 1 default profile: "default"
2026-05-13T17:25:43.726+08:00  INFO 6368 --- [smart-attendance-backend] [           main] o.s.b.w.embedded.tomcat.TomcatWebServer  : Tomcat initialized with port 8080 (http)
2026-05-13T17:25:43.735+08:00  INFO 6368 --- [smart-attendance-backend] [           main] o.apache.catalina.core.StandardService   : Starting service [Tomcat]
2026-05-13T17:25:43.736+08:00  INFO 6368 --- [smart-attendance-backend] [           main] o.apache.catalina.core.StandardEngine    : Starting Servlet engine: [Apache Tomcat/10.1.31]
2026-05-13T17:25:43.772+08:00  INFO 6368 --- [smart-attendance-backend] [           main] o.a.c.c.C.[Tomcat].[localhost].[/]       : Initializing Spring embedded WebApplicationContext
2026-05-13T17:25:43.774+08:00  INFO 6368 --- [smart-attendance-backend] [           main] w.s.c.ServletWebServerApplicationContext : Root WebApplicationContext: initialization completed in 1806 ms
2026-05-13T17:25:47.467+08:00  WARN 6368 --- [smart-attendance-backend] [           main] .s.s.UserDetailsServiceAutoConfiguration : 

Using generated security password: fe8bdad2-6bbb-4bbb-b699-60f7a757bc90

This generated password is for development use only. Your security configuration must be updated before running your application in production.

2026-05-13T17:25:47.597+08:00  INFO 6368 --- [smart-attendance-backend] [           main] r$InitializeUserDetailsManagerConfigurer : Global AuthenticationManager configured with UserDetailsService bean with name inMemoryUserDetailsManager
2026-05-13T17:25:49.567+08:00  INFO 6368 --- [smart-attendance-backend] [           main] o.s.b.w.embedded.tomcat.TomcatWebServer  : Tomcat started on port 8080 (http) with context path '/'
2026-05-13T17:25:49.671+08:00  INFO 6368 --- [smart-attendance-backend] [           main] c.c.a.SmartAttendanceApplication         : Started SmartAttendanceApplication in 8.084 seconds (process running for 8.725)
2026-05-13T17:26:18.028+08:00  INFO 6368 --- [smart-attendance-backend] [nio-8080-exec-2] o.a.c.c.C.[Tomcat].[localhost].[/]       : Initializing Spring DispatcherServlet 'dispatcherServlet'
2026-05-13T17:26:18.033+08:00  INFO 6368 --- [smart-attendance-backend] [nio-8080-exec-2] o.s.web.servlet.DispatcherServlet        : Initializing Servlet 'dispatcherServlet'
2026-05-13T17:26:18.037+08:00  INFO 6368 --- [smart-attendance-backend] [nio-8080-exec-2] o.s.web.servlet.DispatcherServlet        : Completed initialization in 4 ms
2026-05-13T17:26:18.353+08:00  INFO 6368 --- [smart-attendance-backend] [nio-8080-exec-2] com.zaxxer.hikari.HikariDataSource       : HikariPool-1 - Starting...
2026-05-13T17:26:18.783+08:00  INFO 6368 --- [smart-attendance-backend] [nio-8080-exec-2] com.zaxxer.hikari.pool.HikariPool        : HikariPool-1 - Added connection com.mysql.cj.jdbc.ConnectionImpl@24e2f044
2026-05-13T17:26:18.787+08:00  INFO 6368 --- [smart-attendance-backend] [nio-8080-exec-2] com.zaxxer.hikari.HikariDataSource       : HikariPool-1 - Start completed.
2026-05-13T17:30:33.808+08:00  WARN 6368 --- [smart-attendance-backend] [io-8080-exec-10] com.zaxxer.hikari.pool.PoolBase          : HikariPool-1 - Failed to validate connection com.mysql.cj.jdbc.ConnectionImpl@24e2f044 (No operations allowed after connection closed.). Possibly consider using a shorter maxLifetime value.
2026-05-13T17:30:33.810+08:00  WARN 6368 --- [smart-attendance-backend] [io-8080-exec-10] com.zaxxer.hikari.pool.PoolBase          : HikariPool-1 - Failed to validate connection com.mysql.cj.jdbc.ConnectionImpl@1e6ba7c2 (No operations allowed after connection closed.). Possibly consider using a shorter maxLifetime value.
2026-05-13T17:30:33.810+08:00  WARN 6368 --- [smart-attendance-backend] [io-8080-exec-10] com.zaxxer.hikari.pool.PoolBase          : HikariPool-1 - Failed to validate connection com.mysql.cj.jdbc.ConnectionImpl@c93d9bb (No operations allowed after connection closed.). Possibly consider using a shorter maxLifetime value.
2026-05-13T17:30:33.810+08:00  WARN 6368 --- [smart-attendance-backend] [io-8080-exec-10] com.zaxxer.hikari.pool.PoolBase          : HikariPool-1 - Failed to validate connection com.mysql.cj.jdbc.ConnectionImpl@c3fe5e0 (No operations allowed after connection closed.). Possibly consider using a shorter maxLifetime value.
2026-05-13T17:30:33.811+08:00  WARN 6368 --- [smart-attendance-backend] [io-8080-exec-10] com.zaxxer.hikari.pool.PoolBase          : HikariPool-1 - Failed to validate connection com.mysql.cj.jdbc.ConnectionImpl@753c353c (No operations allowed after connection closed.). Possibly consider using a shorter maxLifetime value.
2026-05-13T17:30:33.812+08:00  WARN 6368 --- [smart-attendance-backend] [io-8080-exec-10] com.zaxxer.hikari.pool.PoolBase          : HikariPool-1 - Failed to validate connection com.mysql.cj.jdbc.ConnectionImpl@362ac9ee (No operations allowed after connection closed.). Possibly consider using a shorter maxLifetime value.
2026-05-13T17:30:33.813+08:00  WARN 6368 --- [smart-attendance-backend] [io-8080-exec-10] com.zaxxer.hikari.pool.PoolBase          : HikariPool-1 - Failed to validate connection com.mysql.cj.jdbc.ConnectionImpl@24668091 (No operations allowed after connection closed.). Possibly consider using a shorter maxLifetime value.
2026-05-13T17:30:33.813+08:00  WARN 6368 --- [smart-attendance-backend] [io-8080-exec-10] com.zaxxer.hikari.pool.PoolBase          : HikariPool-1 - Failed to validate connection com.mysql.cj.jdbc.ConnectionImpl@57856118 (No operations allowed after connection closed.). Possibly consider using a shorter maxLifetime value.
2026-05-13T17:30:33.813+08:00  WARN 6368 --- [smart-attendance-backend] [io-8080-exec-10] com.zaxxer.hikari.pool.PoolBase          : HikariPool-1 - Failed to validate connection com.mysql.cj.jdbc.ConnectionImpl@43042b01 (No operations allowed after connection closed.). Possibly consider using a shorter maxLifetime value.
2026-05-13T17:30:33.814+08:00  WARN 6368 --- [smart-attendance-backend] [io-8080-exec-10] com.zaxxer.hikari.pool.PoolBase          : HikariPool-1 - Failed to validate connection com.mysql.cj.jdbc.ConnectionImpl@2381ff36 (No operations allowed after connection closed.). Possibly consider using a shorter maxLifetime value.
2026-05-13T17:38:56.727+08:00  WARN 6368 --- [smart-attendance-backend] [nio-8080-exec-6] com.zaxxer.hikari.pool.PoolBase          : HikariPool-1 - Failed to validate connection com.mysql.cj.jdbc.ConnectionImpl@7ccddbb0 (No operations allowed after connection closed.). Possibly consider using a shorter maxLifetime value.
2026-05-13T17:38:56.730+08:00  WARN 6368 --- [smart-attendance-backend] [nio-8080-exec-6] com.zaxxer.hikari.pool.PoolBase          : HikariPool-1 - Failed to validate connection com.mysql.cj.jdbc.ConnectionImpl@292ec88e (No operations allowed after connection closed.). Possibly consider using a shorter maxLifetime value.
2026-05-13T17:38:56.730+08:00  WARN 6368 --- [smart-attendance-backend] [nio-8080-exec-6] com.zaxxer.hikari.pool.PoolBase          : HikariPool-1 - Failed to validate connection com.mysql.cj.jdbc.ConnectionImpl@14b8002a (No operations allowed after connection closed.). Possibly consider using a shorter maxLifetime value.
2026-05-13T17:38:56.732+08:00  WARN 6368 --- [smart-attendance-backend] [nio-8080-exec-6] com.zaxxer.hikari.pool.PoolBase          : HikariPool-1 - Failed to validate connection com.mysql.cj.jdbc.ConnectionImpl@6ba5956 (No operations allowed after connection closed.). Possibly consider using a shorter maxLifetime value.
2026-05-13T17:38:56.733+08:00  WARN 6368 --- [smart-attendance-backend] [nio-8080-exec-6] com.zaxxer.hikari.pool.PoolBase          : HikariPool-1 - Failed to validate connection com.mysql.cj.jdbc.ConnectionImpl@2a1721b4 (No operations allowed after connection closed.). Possibly consider using a shorter maxLifetime value.
2026-05-13T17:38:56.735+08:00  WARN 6368 --- [smart-attendance-backend] [nio-8080-exec-6] com.zaxxer.hikari.pool.PoolBase          : HikariPool-1 - Failed to validate connection com.mysql.cj.jdbc.ConnectionImpl@414f7ea (No operations allowed after connection closed.). Possibly consider using a shorter maxLifetime value.
2026-05-13T17:38:56.736+08:00  WARN 6368 --- [smart-attendance-backend] [nio-8080-exec-6] com.zaxxer.hikari.pool.PoolBase          : HikariPool-1 - Failed to validate connection com.mysql.cj.jdbc.ConnectionImpl@5d8a5197 (No operations allowed after connection closed.). Possibly consider using a shorter maxLifetime value.
2026-05-13T17:38:56.739+08:00  WARN 6368 --- [smart-attendance-backend] [nio-8080-exec-6] com.zaxxer.hikari.pool.PoolBase          : HikariPool-1 - Failed to validate connection com.mysql.cj.jdbc.ConnectionImpl@742c19e2 (No operations allowed after connection closed.). Possibly consider using a shorter maxLifetime value.
2026-05-13T17:38:56.739+08:00  WARN 6368 --- [smart-attendance-backend] [nio-8080-exec-6] com.zaxxer.hikari.pool.PoolBase          : HikariPool-1 - Failed to validate connection com.mysql.cj.jdbc.ConnectionImpl@2f0a4ee (No operations allowed after connection closed.). Possibly consider using a shorter maxLifetime value.
2026-05-13T17:38:56.742+08:00  WARN 6368 --- [smart-attendance-backend] [nio-8080-exec-6] com.zaxxer.hikari.pool.PoolBase          : HikariPool-1 - Failed to validate connection com.mysql.cj.jdbc.ConnectionImpl@21f8b8fd (No operations allowed after connection closed.). Possibly consider using a shorter maxLifetime value.
2026-05-13T17:42:53.571+08:00  WARN 6368 --- [smart-attendance-backend] [nio-8080-exec-4] com.zaxxer.hikari.pool.PoolBase          : HikariPool-1 - Failed to validate connection com.mysql.cj.jdbc.ConnectionImpl@3fbfb4da (No operations allowed after connection closed.). Possibly consider using a shorter maxLifetime value.
2026-05-13T17:42:53.573+08:00  WARN 6368 --- [smart-attendance-backend] [nio-8080-exec-6] com.zaxxer.hikari.pool.PoolBase          : HikariPool-1 - Failed to validate connection com.mysql.cj.jdbc.ConnectionImpl@598dc0f4 (No operations allowed after connection closed.). Possibly consider using a shorter maxLifetime value.
2026-05-13T17:42:53.574+08:00  WARN 6368 --- [smart-attendance-backend] [nio-8080-exec-3] com.zaxxer.hikari.pool.PoolBase          : HikariPool-1 - Failed to validate connection com.mysql.cj.jdbc.ConnectionImpl@4a6bf2ec (No operations allowed after connection closed.). Possibly consider using a shorter maxLifetime value.
2026-05-13T17:42:53.578+08:00  WARN 6368 --- [smart-attendance-backend] [nio-8080-exec-4] com.zaxxer.hikari.pool.PoolBase          : HikariPool-1 - Failed to validate connection com.mysql.cj.jdbc.ConnectionImpl@3547dfaa (No operations allowed after connection closed.). Possibly consider using a shorter maxLifetime value.
2026-05-13T17:42:53.578+08:00  WARN 6368 --- [smart-attendance-backend] [nio-8080-exec-6] com.zaxxer.hikari.pool.PoolBase          : HikariPool-1 - Failed to validate connection com.mysql.cj.jdbc.ConnectionImpl@7d4594ca (No operations allowed after connection closed.). Possibly consider using a shorter maxLifetime value.
2026-05-13T17:42:53.579+08:00  WARN 6368 --- [smart-attendance-backend] [nio-8080-exec-3] com.zaxxer.hikari.pool.PoolBase          : HikariPool-1 - Failed to validate connection com.mysql.cj.jdbc.ConnectionImpl@1fe8da0a (No operations allowed after connection closed.). Possibly consider using a shorter maxLifetime value.
2026-05-13T17:42:53.579+08:00  WARN 6368 --- [smart-attendance-backend] [nio-8080-exec-4] com.zaxxer.hikari.pool.PoolBase          : HikariPool-1 - Failed to validate connection com.mysql.cj.jdbc.ConnectionImpl@70455766 (No operations allowed after connection closed.). Possibly consider using a shorter maxLifetime value.
2026-05-13T17:42:53.579+08:00  WARN 6368 --- [smart-attendance-backend] [nio-8080-exec-6] com.zaxxer.hikari.pool.PoolBase          : HikariPool-1 - Failed to validate connection com.mysql.cj.jdbc.ConnectionImpl@72281d9f (No operations allowed after connection closed.). Possibly consider using a shorter maxLifetime value.
2026-05-13T17:42:53.579+08:00  WARN 6368 --- [smart-attendance-backend] [nio-8080-exec-3] com.zaxxer.hikari.pool.PoolBase          : HikariPool-1 - Failed to validate connection com.mysql.cj.jdbc.ConnectionImpl@47e68f6a (No operations allowed after connection closed.). Possibly consider using a shorter maxLifetime value.
2026-05-13T17:53:23.344+08:00  WARN 6368 --- [smart-attendance-backend] [nio-8080-exec-9] com.zaxxer.hikari.pool.PoolBase          : HikariPool-1 - Failed to validate connection com.mysql.cj.jdbc.ConnectionImpl@7014bbff (No operations allowed after connection closed.). Possibly consider using a shorter maxLifetime value.
2026-05-13T17:53:23.345+08:00  WARN 6368 --- [smart-attendance-backend] [nio-8080-exec-9] com.zaxxer.hikari.pool.PoolBase          : HikariPool-1 - Failed to validate connection com.mysql.cj.jdbc.ConnectionImpl@1dab4e0f (No operations allowed after connection closed.). Possibly consider using a shorter maxLifetime value.
2026-05-13T17:53:23.345+08:00  WARN 6368 --- [smart-attendance-backend] [nio-8080-exec-9] com.zaxxer.hikari.pool.PoolBase          : HikariPool-1 - Failed to validate connection com.mysql.cj.jdbc.ConnectionImpl@2d473a06 (No operations allowed after connection closed.). Possibly consider using a shorter maxLifetime value.
2026-05-13T17:53:23.347+08:00  WARN 6368 --- [smart-attendance-backend] [nio-8080-exec-9] com.zaxxer.hikari.pool.PoolBase          : HikariPool-1 - Failed to validate connection com.mysql.cj.jdbc.ConnectionImpl@7859b712 (No operations allowed after connection closed.). Possibly consider using a shorter maxLifetime value.
2026-05-13T17:53:23.347+08:00  WARN 6368 --- [smart-attendance-backend] [nio-8080-exec-9] com.zaxxer.hikari.pool.PoolBase          : HikariPool-1 - Failed to validate connection com.mysql.cj.jdbc.ConnectionImpl@6bcfeb2 (No operations allowed after connection closed.). Possibly consider using a shorter maxLifetime value.
2026-05-13T17:53:23.347+08:00  WARN 6368 --- [smart-attendance-backend] [nio-8080-exec-9] com.zaxxer.hikari.pool.PoolBase          : HikariPool-1 - Failed to validate connection com.mysql.cj.jdbc.ConnectionImpl@4120135c (No operations allowed after connection closed.). Possibly consider using a shorter maxLifetime value.
2026-05-13T17:53:23.349+08:00  WARN 6368 --- [smart-attendance-backend] [nio-8080-exec-9] com.zaxxer.hikari.pool.PoolBase          : HikariPool-1 - Failed to validate connection com.mysql.cj.jdbc.ConnectionImpl@55a38674 (No operations allowed after connection closed.). Possibly consider using a shorter maxLifetime value.
2026-05-13T17:53:23.349+08:00  WARN 6368 --- [smart-attendance-backend] [nio-8080-exec-9] com.zaxxer.hikari.pool.PoolBase          : HikariPool-1 - Failed to validate connection com.mysql.cj.jdbc.ConnectionImpl@60774af5 (No operations allowed after connection closed.). Possibly consider using a shorter maxLifetime value.
2026-05-13T17:53:23.351+08:00  WARN 6368 --- [smart-attendance-backend] [nio-8080-exec-9] com.zaxxer.hikari.pool.PoolBase          : HikariPool-1 - Failed to validate connection com.mysql.cj.jdbc.ConnectionImpl@1df6127 (No operations allowed after connection closed.). Possibly consider using a shorter maxLifetime value.
2026-05-13T17:53:23.352+08:00  WARN 6368 --- [smart-attendance-backend] [nio-8080-exec-9] com.zaxxer.hikari.pool.PoolBase          : HikariPool-1 - Failed to validate connection com.mysql.cj.jdbc.ConnectionImpl@402438b3 (No operations allowed after connection closed.). Possibly consider using a shorter maxLifetime value.
2026-05-13T17:56:54.649+08:00  WARN 6368 --- [smart-attendance-backend] [nio-8080-exec-2] com.zaxxer.hikari.pool.PoolBase          : HikariPool-1 - Failed to validate connection com.mysql.cj.jdbc.ConnectionImpl@54f0b3aa (No operations allowed after connection closed.). Possibly consider using a shorter maxLifetime value.
2026-05-13T17:56:54.650+08:00  WARN 6368 --- [smart-attendance-backend] [nio-8080-exec-2] com.zaxxer.hikari.pool.PoolBase          : HikariPool-1 - Failed to validate connection com.mysql.cj.jdbc.ConnectionImpl@76657db2 (No operations allowed after connection closed.). Possibly consider using a shorter maxLifetime value.
2026-05-13T17:56:54.651+08:00  WARN 6368 --- [smart-attendance-backend] [nio-8080-exec-2] com.zaxxer.hikari.pool.PoolBase          : HikariPool-1 - Failed to validate connection com.mysql.cj.jdbc.ConnectionImpl@638f9ea7 (No operations allowed after connection closed.). Possibly consider using a shorter maxLifetime value.
2026-05-13T17:56:54.651+08:00  WARN 6368 --- [smart-attendance-backend] [nio-8080-exec-2] com.zaxxer.hikari.pool.PoolBase          : HikariPool-1 - Failed to validate connection com.mysql.cj.jdbc.ConnectionImpl@32330c9f (No operations allowed after connection closed.). Possibly consider using a shorter maxLifetime value.
2026-05-13T17:56:54.652+08:00  WARN 6368 --- [smart-attendance-backend] [nio-8080-exec-2] com.zaxxer.hikari.pool.PoolBase          : HikariPool-1 - Failed to validate connection com.mysql.cj.jdbc.ConnectionImpl@7f8ccebd (No operations allowed after connection closed.). Possibly consider using a shorter maxLifetime value.
2026-05-13T17:56:54.652+08:00  WARN 6368 --- [smart-attendance-backend] [nio-8080-exec-2] com.zaxxer.hikari.pool.PoolBase          : HikariPool-1 - Failed to validate connection com.mysql.cj.jdbc.ConnectionImpl@22d9a413 (No operations allowed after connection closed.). Possibly consider using a shorter maxLifetime value.
2026-05-13T17:56:54.653+08:00  WARN 6368 --- [smart-attendance-backend] [nio-8080-exec-2] com.zaxxer.hikari.pool.PoolBase          : HikariPool-1 - Failed to validate connection com.mysql.cj.jdbc.ConnectionImpl@3d3c6c49 (No operations allowed after connection closed.). Possibly consider using a shorter maxLifetime value.
2026-05-13T17:56:54.654+08:00  WARN 6368 --- [smart-attendance-backend] [nio-8080-exec-2] com.zaxxer.hikari.pool.PoolBase          : HikariPool-1 - Failed to validate connection com.mysql.cj.jdbc.ConnectionImpl@17c1c885 (No operations allowed after connection closed.). Possibly consider using a shorter maxLifetime value.
2026-05-13T17:56:54.654+08:00  WARN 6368 --- [smart-attendance-backend] [nio-8080-exec-2] com.zaxxer.hikari.pool.PoolBase          : HikariPool-1 - Failed to validate connection com.mysql.cj.jdbc.ConnectionImpl@e2105e6 (No operations allowed after connection closed.). Possibly consider using a shorter maxLifetime value.
2026-05-13T17:56:54.655+08:00  WARN 6368 --- [smart-attendance-backend] [nio-8080-exec-2] com.zaxxer.hikari.pool.PoolBase          : HikariPool-1 - Failed to validate connection com.mysql.cj.jdbc.ConnectionImpl@61b7d10d (No operations allowed after connection closed.). Possibly consider using a shorter maxLifetime value.
2026-05-13T18:04:27.424+08:00  WARN 6368 --- [smart-attendance-backend] [nio-8080-exec-3] com.zaxxer.hikari.pool.PoolBase          : HikariPool-1 - Failed to validate connection com.mysql.cj.jdbc.ConnectionImpl@51cda922 (No operations allowed after connection closed.). Possibly consider using a shorter maxLifetime value.
2026-05-13T18:04:27.426+08:00  WARN 6368 --- [smart-attendance-backend] [nio-8080-exec-3] com.zaxxer.hikari.pool.PoolBase          : HikariPool-1 - Failed to validate connection com.mysql.cj.jdbc.ConnectionImpl@7b24eacf (No operations allowed after connection closed.). Possibly consider using a shorter maxLifetime value.
2026-05-13T18:04:27.427+08:00  WARN 6368 --- [smart-attendance-backend] [nio-8080-exec-3] com.zaxxer.hikari.pool.PoolBase          : HikariPool-1 - Failed to validate connection com.mysql.cj.jdbc.ConnectionImpl@1b932667 (No operations allowed after connection closed.). Possibly consider using a shorter maxLifetime value.
2026-05-13T18:04:27.428+08:00  WARN 6368 --- [smart-attendance-backend] [nio-8080-exec-3] com.zaxxer.hikari.pool.PoolBase          : HikariPool-1 - Failed to validate connection com.mysql.cj.jdbc.ConnectionImpl@27ab088e (No operations allowed after connection closed.). Possibly consider using a shorter maxLifetime value.
2026-05-13T18:04:27.429+08:00  WARN 6368 --- [smart-attendance-backend] [nio-8080-exec-3] com.zaxxer.hikari.pool.PoolBase          : HikariPool-1 - Failed to validate connection com.mysql.cj.jdbc.ConnectionImpl@5a96d518 (No operations allowed after connection closed.). Possibly consider using a shorter maxLifetime value.
2026-05-13T18:04:27.429+08:00  WARN 6368 --- [smart-attendance-backend] [nio-8080-exec-3] com.zaxxer.hikari.pool.PoolBase          : HikariPool-1 - Failed to validate connection com.mysql.cj.jdbc.ConnectionImpl@6383e17 (No operations allowed after connection closed.). Possibly consider using a shorter maxLifetime value.
2026-05-13T18:04:27.430+08:00  WARN 6368 --- [smart-attendance-backend] [nio-8080-exec-3] com.zaxxer.hikari.pool.PoolBase          : HikariPool-1 - Failed to validate connection com.mysql.cj.jdbc.ConnectionImpl@49a90a9 (No operations allowed after connection closed.). Possibly consider using a shorter maxLifetime value.
2026-05-13T18:04:27.431+08:00  WARN 6368 --- [smart-attendance-backend] [nio-8080-exec-3] com.zaxxer.hikari.pool.PoolBase          : HikariPool-1 - Failed to validate connection com.mysql.cj.jdbc.ConnectionImpl@7b0a17cc (No operations allowed after connection closed.). Possibly consider using a shorter maxLifetime value.
2026-05-13T18:04:27.432+08:00  WARN 6368 --- [smart-attendance-backend] [nio-8080-exec-3] com.zaxxer.hikari.pool.PoolBase          : HikariPool-1 - Failed to validate connection com.mysql.cj.jdbc.ConnectionImpl@17d823a0 (No operations allowed after connection closed.). Possibly consider using a shorter maxLifetime value.
2026-05-13T18:04:27.433+08:00  WARN 6368 --- [smart-attendance-backend] [nio-8080-exec-3] com.zaxxer.hikari.pool.PoolBase          : HikariPool-1 - Failed to validate connection com.mysql.cj.jdbc.ConnectionImpl@50576fca (No operations allowed after connection closed.). Possibly consider using a shorter maxLifetime value.
2026-05-13T18:10:46.333+08:00  WARN 6368 --- [smart-attendance-backend] [nio-8080-exec-6] com.zaxxer.hikari.pool.PoolBase          : HikariPool-1 - Failed to validate connection com.mysql.cj.jdbc.ConnectionImpl@1cbe7964 (No operations allowed after connection closed.). Possibly consider using a shorter maxLifetime value.
2026-05-13T18:10:46.334+08:00  WARN 6368 --- [smart-attendance-backend] [nio-8080-exec-6] com.zaxxer.hikari.pool.PoolBase          : HikariPool-1 - Failed to validate connection com.mysql.cj.jdbc.ConnectionImpl@599e95a3 (No operations allowed after connection closed.). Possibly consider using a shorter maxLifetime value.
2026-05-13T18:10:46.334+08:00  WARN 6368 --- [smart-attendance-backend] [nio-8080-exec-6] com.zaxxer.hikari.pool.PoolBase          : HikariPool-1 - Failed to validate connection com.mysql.cj.jdbc.ConnectionImpl@7603b344 (No operations allowed after connection closed.). Possibly consider using a shorter maxLifetime value.
2026-05-13T18:10:46.335+08:00  WARN 6368 --- [smart-attendance-backend] [nio-8080-exec-6] com.zaxxer.hikari.pool.PoolBase          : HikariPool-1 - Failed to validate connection com.mysql.cj.jdbc.ConnectionImpl@191981b9 (No operations allowed after connection closed.). Possibly consider using a shorter maxLifetime value.
2026-05-13T18:10:46.336+08:00  WARN 6368 --- [smart-attendance-backend] [nio-8080-exec-6] com.zaxxer.hikari.pool.PoolBase          : HikariPool-1 - Failed to validate connection com.mysql.cj.jdbc.ConnectionImpl@75e10510 (No operations allowed after connection closed.). Possibly consider using a shorter maxLifetime value.
2026-05-13T18:10:46.338+08:00  WARN 6368 --- [smart-attendance-backend] [nio-8080-exec-6] com.zaxxer.hikari.pool.PoolBase          : HikariPool-1 - Failed to validate connection com.mysql.cj.jdbc.ConnectionImpl@587fa582 (No operations allowed after connection closed.). Possibly consider using a shorter maxLifetime value.
2026-05-13T18:10:46.339+08:00  WARN 6368 --- [smart-attendance-backend] [nio-8080-exec-6] com.zaxxer.hikari.pool.PoolBase          : HikariPool-1 - Failed to validate connection com.mysql.cj.jdbc.ConnectionImpl@330da45a (No operations allowed after connection closed.). Possibly consider using a shorter maxLifetime value.
2026-05-13T18:10:46.340+08:00  WARN 6368 --- [smart-attendance-backend] [nio-8080-exec-6] com.zaxxer.hikari.pool.PoolBase          : HikariPool-1 - Failed to validate connection com.mysql.cj.jdbc.ConnectionImpl@664cefcb (No operations allowed after connection closed.). Possibly consider using a shorter maxLifetime value.
2026-05-13T18:10:46.341+08:00  WARN 6368 --- [smart-attendance-backend] [nio-8080-exec-6] com.zaxxer.hikari.pool.PoolBase          : HikariPool-1 - Failed to validate connection com.mysql.cj.jdbc.ConnectionImpl@1b78bf97 (No operations allowed after connection closed.). Possibly consider using a shorter maxLifetime value.
2026-05-13T18:10:46.342+08:00  WARN 6368 --- [smart-attendance-backend] [nio-8080-exec-6] com.zaxxer.hikari.pool.PoolBase          : HikariPool-1 - Failed to validate connection com.mysql.cj.jdbc.ConnectionImpl@3e8e5acf (No operations allowed after connection closed.). Possibly consider using a shorter maxLifetime value.
2026-05-13T18:14:47.402+08:00  WARN 6368 --- [smart-attendance-backend] [nio-8080-exec-7] com.zaxxer.hikari.pool.PoolBase          : HikariPool-1 - Failed to validate connection com.mysql.cj.jdbc.ConnectionImpl@629ecc7e (No operations allowed after connection closed.). Possibly consider using a shorter maxLifetime value.
2026-05-13T18:14:47.403+08:00  WARN 6368 --- [smart-attendance-backend] [nio-8080-exec-7] com.zaxxer.hikari.pool.PoolBase          : HikariPool-1 - Failed to validate connection com.mysql.cj.jdbc.ConnectionImpl@1d7fbcca (No operations allowed after connection closed.). Possibly consider using a shorter maxLifetime value.
2026-05-13T18:14:47.404+08:00  WARN 6368 --- [smart-attendance-backend] [nio-8080-exec-7] com.zaxxer.hikari.pool.PoolBase          : HikariPool-1 - Failed to validate connection com.mysql.cj.jdbc.ConnectionImpl@56ed815b (No operations allowed after connection closed.). Possibly consider using a shorter maxLifetime value.
2026-05-13T18:14:47.404+08:00  WARN 6368 --- [smart-attendance-backend] [nio-8080-exec-7] com.zaxxer.hikari.pool.PoolBase          : HikariPool-1 - Failed to validate connection com.mysql.cj.jdbc.ConnectionImpl@42044ac4 (No operations allowed after connection closed.). Possibly consider using a shorter maxLifetime value.
2026-05-13T18:14:47.406+08:00  WARN 6368 --- [smart-attendance-backend] [nio-8080-exec-7] com.zaxxer.hikari.pool.PoolBase          : HikariPool-1 - Failed to validate connection com.mysql.cj.jdbc.ConnectionImpl@1fa024ca (No operations allowed after connection closed.). Possibly consider using a shorter maxLifetime value.
2026-05-13T18:14:47.406+08:00  WARN 6368 --- [smart-attendance-backend] [nio-8080-exec-7] com.zaxxer.hikari.pool.PoolBase          : HikariPool-1 - Failed to validate connection com.mysql.cj.jdbc.ConnectionImpl@7f594218 (No operations allowed after connection closed.). Possibly consider using a shorter maxLifetime value.
2026-05-13T18:14:47.407+08:00  WARN 6368 --- [smart-attendance-backend] [nio-8080-exec-7] com.zaxxer.hikari.pool.PoolBase          : HikariPool-1 - Failed to validate connection com.mysql.cj.jdbc.ConnectionImpl@4584e3f1 (No operations allowed after connection closed.). Possibly consider using a shorter maxLifetime value.
2026-05-13T18:14:47.407+08:00  WARN 6368 --- [smart-attendance-backend] [nio-8080-exec-7] com.zaxxer.hikari.pool.PoolBase          : HikariPool-1 - Failed to validate connection com.mysql.cj.jdbc.ConnectionImpl@25b6c3ef (No operations allowed after connection closed.). Possibly consider using a shorter maxLifetime value.
2026-05-13T18:14:47.407+08:00  WARN 6368 --- [smart-attendance-backend] [nio-8080-exec-7] com.zaxxer.hikari.pool.PoolBase          : HikariPool-1 - Failed to validate connection com.mysql.cj.jdbc.ConnectionImpl@3bae25e7 (No operations allowed after connection closed.). Possibly consider using a shorter maxLifetime value.
2026-05-13T18:14:47.407+08:00  WARN 6368 --- [smart-attendance-backend] [nio-8080-exec-7] com.zaxxer.hikari.pool.PoolBase          : HikariPool-1 - Failed to validate connection com.mysql.cj.jdbc.ConnectionImpl@ed2e908 (No operations allowed after connection closed.). Possibly consider using a shorter maxLifetime value.
