[   49504ms] [ERROR] Error: 不支持的文件类型
    at uploadFileApi (http://localhost:5173/src/api/file.js:15:11)
    at async uploadAttachment (http://localhost:5173/src/views/user/UserLeaveApply.vue?t=1779610888873:79:18) @ http://localhost:5173/src/views/user/UserLeaveApply.vue?t=1779610888873:82
[  128385ms] [LOG] [vite] server connection lost. Polling for restart... @ http://localhost:5173/@vite/client:963
[  130760ms] [ERROR] WebSocket connection to 'ws://localhost:5173/' failed: Error in connection establishment: net::ERR_CONNECTION_REFUSED @ http://localhost:5173/@vite/client:1034
[  134139ms] [ERROR] WebSocket connection to 'ws://localhost:5173/' failed: Error in connection establishment: net::ERR_CONNECTION_REFUSED @ http://localhost:5173/@vite/client:1034
[  173663ms] [VERBOSE] [DOM] Password field is not contained in a form: (More info: https://goo.gl/9p2vKq) %o @ http://localhost:5173/login:0
[  327089ms] [WARNING] [Vue warn]: Property "openFileChooser" was accessed during render but is not defined on instance. 
  at <ElForm label-position="top" class="profile-form" > 
  at <ElCard class="profile-card" shadow="hover" > 
  at <ElCol xs=24 xl=16 > 
  at <ElRow gutter=18 > 
  at <UserProfile onVnodeUnmounted=fn<onVnodeUnmounted> ref=Ref< Proxy(Object) > > 
  at <RouterView> 
  at <ElMain class="workspace-main" > 
  at <ElContainer> 
  at <ElContainer class="workspace-shell user-shell" > 
  at <UserLayout onVnodeUnmounted=fn<onVnodeUnmounted> ref=Ref< Proxy(Object) > > 
  at <RouterView> 
  at <App> @ http://localhost:5173/node_modules/.vite/deps/chunk-7RJ6JSXF.js?v=e03c4600:2203
[  877015ms] [ERROR] WebSocket connection to 'ws://localhost:5173/?token=VcGYZEB1AVCT' failed:  @ http://localhost:5173/@vite/client:801
[  877016ms] [LOG] [vite] server connection lost. Polling for restart... @ http://localhost:5173/@vite/client:963
[  877019ms] [ERROR] WebSocket connection to 'ws://localhost:5173/' failed:  @ http://localhost:5173/@vite/client:1034
