[  143190ms] [WARNING] {classId: Array(1)} @ http://localhost:5173/node_modules/.vite/deps/element-plus.js?v=e03c4600:9075
[  154373ms] [WARNING] {classId: Array(1)} @ http://localhost:5173/node_modules/.vite/deps/element-plus.js?v=e03c4600:9075
[  351722ms] [WARNING] Property "getCounselorClasses" was accessed during render but is not defined on instance. Proxy(Object) at <TableTdWrapper>
at <ElTableBody>
at <ElScrollbar>
at <ElTable>
at <ElCard>
at <AdminUsers>
at <RouterView>
at <ElMain>
at <ElContainer>
at <ElContainer>
at <AdminLayout>
at <RouterView>
at <App> [Object, Object, Object, Object, Object, Object, Object, Object, Object, Object, Object, Object, Object] @ http://localhost:5173/node_modules/.vite/deps/element-plus.js?v=e03c4600:24169
[  351723ms] [WARNING] Unhandled error during execution of render function Proxy(Object) at <TableTdWrapper>
at <ElTableBody>
at <ElScrollbar>
at <ElTable>
at <ElCard>
at <AdminUsers>
at <RouterView>
at <ElMain>
at <ElContainer>
at <ElContainer>
at <AdminLayout>
at <RouterView>
at <App> [Object, Object, Object, Object, Object, Object, Object, Object, Object, Object, Object, Object, Object] @ http://localhost:5173/node_modules/.vite/deps/element-plus.js?v=e03c4600:24169
[  351723ms] [WARNING] Unhandled error during execution of component update Proxy(Object) at <TableTdWrapper>
at <ElTableBody>
at <ElScrollbar>
at <ElTable>
at <ElCard>
at <AdminUsers>
at <RouterView>
at <ElMain>
at <ElContainer>
at <ElContainer>
at <AdminLayout>
at <RouterView>
at <App> [Object, Object, Object, Object, Object, Object, Object, Object, Object, Object, Object, Object, Object] @ http://localhost:5173/node_modules/.vite/deps/element-plus.js?v=e03c4600:24169
[  351723ms] TypeError: _ctx.getCounselorClasses is not a function
    at http://localhost:5173/src/views/admin/AdminUsers.vue?t=1779608256976:374:100
    at Proxy.renderFnWithContext (http://localhost:5173/node_modules/.vite/deps/chunk-7RJ6JSXF.js?v=e03c4600:2855:13)
    at column2.renderCell (http://localhost:5173/node_modules/.vite/deps/element-plus.js?v=e03c4600:49150:39)
    at cellChildren (http://localhost:5173/node_modules/.vite/deps/element-plus.js?v=e03c4600:47766:20)
    at default (http://localhost:5173/node_modules/.vite/deps/element-plus.js?v=e03c4600:47762:27)
    at http://localhost:5173/node_modules/.vite/deps/chunk-7RJ6JSXF.js?v=e03c4600:7400:31
    at renderFnWithContext (http://localhost:5173/node_modules/.vite/deps/chunk-7RJ6JSXF.js?v=e03c4600:2855:13)
    at renderSlot (http://localhost:5173/node_modules/.vite/deps/chunk-7RJ6JSXF.js?v=e03c4600:5424:53)
    at Proxy.<anonymous> (http://localhost:5173/node_modules/.vite/deps/element-plus.js?v=e03c4600:47680:11)
    at renderComponentRoot (http://localhost:5173/node_modules/.vite/deps/chunk-7RJ6JSXF.js?v=e03c4600:6712:17)
